============================= test session starts ==============================
platform linux -- Python 3.11.15, pytest-9.0.2, pluggy-1.6.0 -- /home/mmuser/miniconda3/envs/micromind-autonomy/bin/python
cachedir: .pytest_cache
rootdir: /home/mmuser/micromind/repos/micromind-autonomy
configfile: pytest.ini
plugins: ament-xmllint-0.17.4, launch-testing-3.4.10, ament-copyright-0.17.4, launch-testing-ros-0.26.11, ament-flake8-0.17.4, ament-pep257-0.17.4, ament-lint-0.17.4
collecting ... collected 17 items / 14 deselected / 3 selected

tests/test_bcmp2_at6.py::TestAT6Group3Endurance::test_G13_process_stability_zero_crashes 
G-13 endurance: missions=31, crashes=0, duration=302s (0.083h)
PASSED
tests/test_bcmp2_at6.py::TestAT6Group3Endurance::test_G14_memory_growth_slope 
G-14 RSS slope: -23.849 MB/hr over 17 samples, duration=302s
PASSED
tests/test_bcmp2_at6.py::TestAT6Group3Endurance::test_G15_log_completeness 
G-15 log_completeness: 1.0000 (31/31 missions)
PASSED

=============================== warnings summary ===============================
tests/test_bcmp2_at6.py:426
tests/test_bcmp2_at6.py:448
tests/test_bcmp2_at6.py:479
  Warning: Unknown pytest.mark.endurance - is this a typo?  You can register custom marks to avoid this warning - for details, see https://docs.pytest.org/en/stable/how-to/mark.html

-- Docs: https://docs.pytest.org/en/stable/how-to/capture-warnings.html
=========== 3 passed, 14 deselected, 3 warnings in 302.61s (0:05:02) ===========
