============================= test session starts ==============================
platform linux -- Python 3.11.15, pytest-9.0.2, pluggy-1.6.0 -- /home/mmuser/miniconda3/envs/micromind-autonomy/bin/python
cachedir: .pytest_cache
rootdir: /home/mmuser/micromind/repos/micromind-autonomy
configfile: pytest.ini
plugins: ament-xmllint-0.17.4, launch-testing-3.4.10, ament-copyright-0.17.4, launch-testing-ros-0.26.11, ament-flake8-0.17.4, ament-pep257-0.17.4, ament-lint-0.17.4
collecting ... collected 17 items / 14 deselected / 3 selected

tests/test_bcmp2_at6.py::TestAT6Group3Endurance::test_G13_process_stability_zero_crashes 
G-13 endurance: missions=31, crashes=0, duration=304s (0.083h)
PASSED
tests/test_bcmp2_at6.py::TestAT6Group3Endurance::test_G14_memory_growth_slope 
G-14 RSS slope: 595.841 MB/hr over 17 samples, duration=304s
FAILED
tests/test_bcmp2_at6.py::TestAT6Group3Endurance::test_G15_log_completeness 
G-15 log_completeness: 1.0000 (31/31 missions)
PASSED

=================================== FAILURES ===================================
_____________ TestAT6Group3Endurance.test_G14_memory_growth_slope ______________

self = <tests.test_bcmp2_at6.TestAT6Group3Endurance object at 0x7b032ab90950>

    @pytest.mark.endurance
    def test_G14_memory_growth_slope(self):
        """
        G-14: RSS linear regression slope ≤ 25.0 MB/hour over the endurance run.
    
        Fail condition: slope > 25.0 MB/hr.
        Hard fail condition: > 50 MB/hr (likely active leak).
        RSS is sampled from /proc/self/status at _RSS_INTERVAL_S intervals.
        If RSS is unavailable (non-Linux), slope will be 0.0 — gate passes
        but provides no evidence.
        """
        r = self._run_endurance()
        slope = r["rss_slope_mb_hr"]
        samples = len(r["rss_trace"])
        print(
            f"\nG-14 RSS slope: {slope:.3f} MB/hr over {samples} samples, "
            f"duration={r['duration_s']:.0f}s"
        )
        if samples < 3:
            pytest.xfail(
                f"G-14: only {samples} RSS samples collected — "
                "run was too short for reliable slope measurement. "
                "Re-run with AT6_ENDURANCE_HOURS ≥ 1 for a valid result."
            )
>       assert slope <= _RSS_SLOPE_PASS_MB_HR, (
            f"G-14 FAIL: RSS slope {slope:.2f} MB/hr exceeds "
            f"{_RSS_SLOPE_PASS_MB_HR} MB/hr limit. "
            f"Trace ({samples} points): first={r['rss_trace'][0]}, "
            f"last={r['rss_trace'][-1]}"
        )
E       AssertionError: G-14 FAIL: RSS slope 595.84 MB/hr exceeds 25.0 MB/hr limit. Trace (17 points): first=(9.81027275300221, 117.21875), last=(303.9284116810013, 277.55078125)
E       assert 595.8413590090257 <= 25.0

tests/test_bcmp2_at6.py:472: AssertionError
=============================== warnings summary ===============================
tests/test_bcmp2_at6.py:426
tests/test_bcmp2_at6.py:448
tests/test_bcmp2_at6.py:479
  Warning: Unknown pytest.mark.endurance - is this a typo?  You can register custom marks to avoid this warning - for details, see https://docs.pytest.org/en/stable/how-to/mark.html

-- Docs: https://docs.pytest.org/en/stable/how-to/capture-warnings.html
=========================== short test summary info ============================
FAILED tests/test_bcmp2_at6.py::TestAT6Group3Endurance::test_G14_memory_growth_slope
====== 1 failed, 2 passed, 14 deselected, 3 warnings in 304.31s (0:05:04) ======
